::1 - - [11/May/2023:10:52:09 +0200] "GET /index%20(2).php HTTP/1.1" 200 2651
::1 - - [11/May/2023:10:54:00 +0200] "GET /index%20(2).php HTTP/1.1" 200 2651
::1 - - [11/May/2023:10:54:02 +0200] "GET /index%20(2).php HTTP/1.1" 200 2651
::1 - - [11/May/2023:10:54:09 +0200] "GET /index%20(2).php HTTP/1.1" 200 2651
::1 - - [11/May/2023:10:54:10 +0200] "GET /index%20(2).php HTTP/1.1" 200 2651
::1 - - [11/May/2023:10:55:09 +0200] "-" 408 -
::1 - - [11/May/2023:10:56:36 +0200] "GET /index%20(2).php HTTP/1.1" 200 302
::1 - - [11/May/2023:10:57:36 +0200] "-" 408 -
::1 - - [11/May/2023:10:57:55 +0200] "GET /index%20(2).php HTTP/1.1" 200 275
::1 - - [11/May/2023:10:57:56 +0200] "GET /index%20(2).php HTTP/1.1" 200 275
::1 - - [11/May/2023:10:58:55 +0200] "-" 408 -
::1 - - [11/May/2023:11:17:53 +0200] "-" 408 -
::1 - - [11/May/2023:11:21:35 +0200] "-" 408 -
::1 - - [11/May/2023:11:34:24 +0200] "GET /phpmyadmin/ HTTP/1.1" 200 49841
::1 - - [11/May/2023:11:34:27 +0200] "GET /phpmyadmin/themes/pmahomme/jquery/jquery-ui-1.9.2.custom.css HTTP/1.1" 200 32278
::1 - - [11/May/2023:11:34:27 +0200] "GET /phpmyadmin/js/get_scripts.js.php?lang=fr&collation_connection=utf8mb4_general_ci&token=9dc75c46cb265cd80e7c0133eaae43ea&scripts[]=jquery/jquery-1.8.3.min.js&scripts[]=ajax.js&scripts[]=keyhandler.js&scripts[]=jquery/jquery-ui-1.9.2.custom.min.js&scripts[]=jquery/jquery.sprintf.js&scripts[]=jquery/jquery.cookie.js&scripts[]=jquery/jquery.mousewheel.js&scripts[]=jquery/jquery.event.drag-2.2.js&scripts[]=jquery/jquery-ui-timepicker-addon.js&scripts[]=jquery/jquery.ba-hashchange-1.3.js&scripts[]=jquery/jquery.debounce-1.0.5.js&scripts[]=jquery/jquery.menuResizer-1.0.js&scripts[]=cross_framing_protection.js&scripts[]=rte.js&scripts[]=tracekit/tracekit.js&scripts[]=error_report.js&scripts[]=doclinks.js&scripts[]=functions.js&scripts[]=navigation.js&scripts[]=indexes.js&scripts[]=common.js&scripts[]=codemirror/lib/codemirror.js&scripts[]=codemirror/mode/sql/sql.js&scripts[]=codemirror/addon/runmode/runmode.js HTTP/1.1" 200 1039434
::1 - - [11/May/2023:11:34:27 +0200] "GET /phpmyadmin/phpmyadmin.css.php?server=1&lang=fr&collation_connection=utf8mb4_general_ci&token=9dc75c46cb265cd80e7c0133eaae43ea&nocache=6165446235ltr HTTP/1.1" 200 93053
::1 - - [11/May/2023:11:34:27 +0200] "GET /phpmyadmin/js/get_image.js.php?theme=pmahomme HTTP/1.1" 200 6388
::1 - - [11/May/2023:11:34:29 +0200] "GET /phpmyadmin/themes/pmahomme/img/logo_left.png HTTP/1.1" 200 2327
::1 - - [11/May/2023:11:34:29 +0200] "GET /phpmyadmin/themes/dot.gif HTTP/1.1" 200 43
::1 - - [11/May/2023:11:34:29 +0200] "GET /phpmyadmin/themes/pmahomme/img/ajax_clock_small.gif HTTP/1.1" 200 1810
::1 - - [11/May/2023:11:34:27 +0200] "GET /phpmyadmin/js/messages.php?lang=fr&db=&collation_connection=utf8mb4_general_ci&token=9dc75c46cb265cd80e7c0133eaae43ea HTTP/1.1" 200 19869
::1 - - [11/May/2023:11:34:29 +0200] "GET /phpmyadmin/themes/pmahomme/img/left_nav_bg.png HTTP/1.1" 200 297
::1 - - [11/May/2023:11:34:29 +0200] "GET /phpmyadmin/themes/pmahomme/img/sprites.png HTTP/1.1" 200 41626
::1 - - [11/May/2023:11:34:29 +0200] "GET /phpmyadmin/favicon.ico HTTP/1.1" 200 18902
::1 - - [11/May/2023:11:34:29 +0200] "GET /phpmyadmin/version_check.php?&_nocache=1683797669809504360 HTTP/1.1" 200 39
::1 - - [11/May/2023:11:34:34 +0200] "GET /phpmyadmin/server_databases.php?server=1&token=9dc75c46cb265cd80e7c0133eaae43ea&ajax_request=true&ajax_page_request=true&menuHashes=ee63f16c&_nocache=1683797674517281982 HTTP/1.1" 200 39830
::1 - - [11/May/2023:11:34:34 +0200] "GET /phpmyadmin/js/get_scripts.js.php?scripts[]=server_databases.js&token=9dc75c46cb265cd80e7c0133eaae43ea&call_done=1 HTTP/1.1" 200 4719
::1 - - [11/May/2023:11:34:34 +0200] "GET /phpmyadmin/themes/pmahomme/img/arrow_ltr.png HTTP/1.1" 200 139
::1 - - [11/May/2023:11:34:42 +0200] "POST /phpmyadmin/db_create.php HTTP/1.1" 200 2197
::1 - - [11/May/2023:11:34:42 +0200] "POST /phpmyadmin/navigation.php?ajax_request=1&lang=fr&collation_connection=utf8mb4_general_ci&token=9dc75c46cb265cd80e7c0133eaae43ea HTTP/1.1" 200 4391
::1 - - [11/May/2023:11:37:31 +0200] "GET /database.php HTTP/1.1" 200 223
::1 - - [11/May/2023:11:37:49 +0200] "GET /database.php HTTP/1.1" 200 223
::1 - - [11/May/2023:11:37:50 +0200] "GET /database.php HTTP/1.1" 200 223
::1 - - [11/May/2023:11:38:48 +0200] "GET /database.php HTTP/1.1" 200 223
::1 - - [11/May/2023:11:39:01 +0200] "GET /phpmyadmin/ HTTP/1.1" 200 49134
::1 - - [11/May/2023:11:39:02 +0200] "GET /phpmyadmin/js/get_scripts.js.php?token=9dc75c46cb265cd80e7c0133eaae43ea&scripts[]=jquery/jquery-1.8.3.min.js&scripts[]=ajax.js&scripts[]=keyhandler.js&scripts[]=jquery/jquery-ui-1.9.2.custom.min.js&scripts[]=jquery/jquery.sprintf.js&scripts[]=jquery/jquery.cookie.js&scripts[]=jquery/jquery.mousewheel.js&scripts[]=jquery/jquery.event.drag-2.2.js&scripts[]=jquery/jquery-ui-timepicker-addon.js&scripts[]=jquery/jquery.ba-hashchange-1.3.js&scripts[]=jquery/jquery.debounce-1.0.5.js&scripts[]=jquery/jquery.menuResizer-1.0.js&scripts[]=cross_framing_protection.js&scripts[]=rte.js&scripts[]=tracekit/tracekit.js&scripts[]=error_report.js&scripts[]=doclinks.js&scripts[]=functions.js&scripts[]=navigation.js&scripts[]=indexes.js&scripts[]=common.js&scripts[]=codemirror/lib/codemirror.js&scripts[]=codemirror/mode/sql/sql.js&scripts[]=codemirror/addon/runmode/runmode.js HTTP/1.1" 200 1039434
::1 - - [11/May/2023:11:39:02 +0200] "GET /phpmyadmin/phpmyadmin.css.php?server=1&token=9dc75c46cb265cd80e7c0133eaae43ea&nocache=6165446242ltr HTTP/1.1" 200 93053
::1 - - [11/May/2023:11:39:02 +0200] "GET /phpmyadmin/js/messages.php?lang=fr&db=&token=9dc75c46cb265cd80e7c0133eaae43ea HTTP/1.1" 200 19869
::1 - - [11/May/2023:11:39:02 +0200] "GET /phpmyadmin/version_check.php?&_nocache=1683797942791618778 HTTP/1.1" 200 39
::1 - - [11/May/2023:11:39:06 +0200] "GET /phpmyadmin/db_structure.php?server=1&db=clients&token=9dc75c46cb265cd80e7c0133eaae43ea&ajax_request=true&ajax_page_request=true&menuHashes=a7fafadb&_nocache=1683797946272944172 HTTP/1.1" 200 6427
::1 - - [11/May/2023:11:39:06 +0200] "GET /phpmyadmin/js/get_scripts.js.php?scripts[]=db_structure.js&scripts[]=tbl_change.js&token=9dc75c46cb265cd80e7c0133eaae43ea&call_done=1 HTTP/1.1" 200 36139
::1 - - [11/May/2023:11:39:06 +0200] "GET /phpmyadmin/navigation.php?ajax_request=1&token=9dc75c46cb265cd80e7c0133eaae43ea&aPath=cm9vdA%3D%3D.Y2xpZW50cw%3D%3D&vPath=cm9vdA%3D%3D.Y2xpZW50cw%3D%3D&pos=0&pos2_name=&pos2_value=&searchClause=&searchClause2=&_nocache=1683797946715301254 HTTP/1.1" 200 97
::1 - - [11/May/2023:11:39:11 +0200] "GET /phpmyadmin/db_sql.php?db=clients&token=9dc75c46cb265cd80e7c0133eaae43ea&ajax_request=true&ajax_page_request=true&menuHashes=a7fafadb-024c4498&_nocache=1683797951057524464 HTTP/1.1" 200 8550
::1 - - [11/May/2023:11:39:11 +0200] "GET /phpmyadmin/js/get_scripts.js.php?scripts[]=makegrid.js&scripts[]=sql.js&token=9dc75c46cb265cd80e7c0133eaae43ea&call_done=1 HTTP/1.1" 200 100312
::1 - - [11/May/2023:11:39:12 +0200] "GET /phpmyadmin/db_search.php?db=clients&token=9dc75c46cb265cd80e7c0133eaae43ea&ajax_request=true&ajax_page_request=true&menuHashes=a7fafadb-024c4498-ec7d4a0a&_nocache=1683797952787236568 HTTP/1.1" 200 9096
::1 - - [11/May/2023:11:39:13 +0200] "GET /phpmyadmin/js/get_scripts.js.php?scripts[]=db_search.js&token=9dc75c46cb265cd80e7c0133eaae43ea&call_done=1 HTTP/1.1" 200 8003
::1 - - [11/May/2023:11:39:14 +0200] "GET /phpmyadmin/db_qbe.php?db=clients&token=9dc75c46cb265cd80e7c0133eaae43ea&ajax_request=true&ajax_page_request=true&menuHashes=a7fafadb-024c4498-ec7d4a0a-5c77ec02&_nocache=168379795410495123 HTTP/1.1" 200 5709
::1 - - [11/May/2023:11:39:15 +0200] "GET /phpmyadmin/db_export.php?db=clients&token=9dc75c46cb265cd80e7c0133eaae43ea&ajax_request=true&ajax_page_request=true&menuHashes=a7fafadb-024c4498-ec7d4a0a-5c77ec02-054a08e3&_nocache=1683797955538568861 HTTP/1.1" 200 5742
::1 - - [11/May/2023:11:39:15 +0200] "GET /phpmyadmin/js/get_scripts.js.php?scripts[]=export.js&token=9dc75c46cb265cd80e7c0133eaae43ea&call_done=1 HTTP/1.1" 200 10538
::1 - - [11/May/2023:11:39:17 +0200] "GET /phpmyadmin/db_import.php?db=clients&token=9dc75c46cb265cd80e7c0133eaae43ea&ajax_request=true&ajax_page_request=true&menuHashes=a7fafadb-024c4498-ec7d4a0a-5c77ec02-054a08e3-0371770f&_nocache=1683797957664537536 HTTP/1.1" 200 16604
::1 - - [11/May/2023:11:39:18 +0200] "GET /phpmyadmin/js/get_scripts.js.php?scripts[]=import.js&token=9dc75c46cb265cd80e7c0133eaae43ea&call_done=1 HTTP/1.1" 200 3920
::1 - - [11/May/2023:11:39:21 +0200] "GET /phpmyadmin/db_operations.php?db=clients&token=9dc75c46cb265cd80e7c0133eaae43ea&ajax_request=true&ajax_page_request=true&menuHashes=a7fafadb-024c4498-ec7d4a0a-5c77ec02-054a08e3-0371770f-6ba6c12d&_nocache=1683797961231968988 HTTP/1.1" 200 38170
::1 - - [11/May/2023:11:39:21 +0200] "GET /phpmyadmin/js/get_scripts.js.php?scripts[]=db_operations.js&token=9dc75c46cb265cd80e7c0133eaae43ea&call_done=1 HTTP/1.1" 200 4334
::1 - - [11/May/2023:11:39:22 +0200] "GET /phpmyadmin/server_privileges.php?db=clients&token=9dc75c46cb265cd80e7c0133eaae43ea&checkprivsdb=clients&viewing_mode=db&ajax_request=true&ajax_page_request=true&menuHashes=024c4498-ec7d4a0a-5c77ec02-054a08e3-0371770f-6ba6c12d-ca0def9c&_nocache=168379796269541072 HTTP/1.1" 200 8379
::1 - - [11/May/2023:11:39:23 +0200] "GET /phpmyadmin/js/get_scripts.js.php?scripts[]=server_privileges.js&token=9dc75c46cb265cd80e7c0133eaae43ea&call_done=1 HTTP/1.1" 200 26581
::1 - - [11/May/2023:11:39:45 +0200] "GET /database.php HTTP/1.1" 200 223
::1 - - [11/May/2023:11:41:02 +0200] "GET /database.php HTTP/1.1" 200 16
