2023-05-11 10:48:22 4136 [Note] Plugin 'FEDERATED' is disabled.
2023-05-11 10:48:22 4136 [Note] InnoDB: Using atomics to ref count buffer pool pages
2023-05-11 10:48:22 4136 [Note] InnoDB: The InnoDB memory heap is disabled
2023-05-11 10:48:22 4136 [Note] InnoDB: Mutexes and rw_locks use Windows interlocked functions
2023-05-11 10:48:22 4136 [Note] InnoDB: Compressed tables use zlib 1.2.3
2023-05-11 10:48:22 4136 [Note] InnoDB: Not using CPU crc32 instructions
2023-05-11 10:48:22 4136 [Note] InnoDB: Initializing buffer pool, size = 128.0M
2023-05-11 10:48:22 4136 [Note] InnoDB: Completed initialization of buffer pool
2023-05-11 10:48:22 4136 [Note] InnoDB: Highest supported file format is Barracuda.
2023-05-11 10:48:22 4136 [Note] InnoDB: 128 rollback segment(s) are active.
2023-05-11 10:48:22 4136 [Note] InnoDB: Waiting for purge to start
2023-05-11 10:48:22 4136 [Note] InnoDB: 5.6.17 started; log sequence number 1625977
2023-05-11 10:48:22 4136 [Warning] No existing UUID has been found, so we assume that this is the first time that this server has been started. Generating a new UUID: 9626f178-efd8-11ed-942f-6c02e0022bdc.
2023-05-11 10:48:22 4136 [Note] Server hostname (bind-address): '*'; port: 3306
2023-05-11 10:48:22 4136 [Note] IPv6 is available.
2023-05-11 10:48:22 4136 [Note]   - '::' resolves to '::';
2023-05-11 10:48:22 4136 [Note] Server socket created on IP: '::'.
2023-05-11 10:48:22 4136 [ERROR] Can't start server: Bind on TCP/IP port: No such file or directory
2023-05-11 10:48:22 4136 [ERROR] Do you already have another mysqld server running on port: 3306 ?
2023-05-11 10:48:22 4136 [ERROR] Aborting

2023-05-11 10:48:22 4136 [Note] Binlog end
2023-05-11 10:48:22 4136 [Note] Shutting down plugin 'partition'
2023-05-11 10:48:23 4136 [Note] Shutting down plugin 'PERFORMANCE_SCHEMA'
2023-05-11 10:48:23 4136 [Note] Shutting down plugin 'INNODB_SYS_DATAFILES'
2023-05-11 10:48:23 4136 [Note] Shutting down plugin 'INNODB_SYS_TABLESPACES'
2023-05-11 10:48:23 4136 [Note] Shutting down plugin 'INNODB_SYS_FOREIGN_COLS'
2023-05-11 10:48:23 4136 [Note] Shutting down plugin 'INNODB_SYS_FOREIGN'
2023-05-11 10:48:23 4136 [Note] Shutting down plugin 'INNODB_SYS_FIELDS'
2023-05-11 10:48:23 4136 [Note] Shutting down plugin 'INNODB_SYS_COLUMNS'
2023-05-11 10:48:23 4136 [Note] Shutting down plugin 'INNODB_SYS_INDEXES'
2023-05-11 10:48:23 4136 [Note] Shutting down plugin 'INNODB_SYS_TABLESTATS'
2023-05-11 10:48:23 4136 [Note] Shutting down plugin 'INNODB_SYS_TABLES'
2023-05-11 10:48:23 4136 [Note] Shutting down plugin 'INNODB_FT_INDEX_TABLE'
2023-05-11 10:48:23 4136 [Note] Shutting down plugin 'INNODB_FT_INDEX_CACHE'
2023-05-11 10:48:23 4136 [Note] Shutting down plugin 'INNODB_FT_CONFIG'
2023-05-11 10:48:23 4136 [Note] Shutting down plugin 'INNODB_FT_BEING_DELETED'
2023-05-11 10:48:23 4136 [Note] Shutting down plugin 'INNODB_FT_DELETED'
2023-05-11 10:48:23 4136 [Note] Shutting down plugin 'INNODB_FT_DEFAULT_STOPWORD'
2023-05-11 10:48:23 4136 [Note] Shutting down plugin 'INNODB_METRICS'
2023-05-11 10:48:23 4136 [Note] Shutting down plugin 'INNODB_BUFFER_POOL_STATS'
2023-05-11 10:48:23 4136 [Note] Shutting down plugin 'INNODB_BUFFER_PAGE_LRU'
2023-05-11 10:48:23 4136 [Note] Shutting down plugin 'INNODB_BUFFER_PAGE'
2023-05-11 10:48:23 4136 [Note] Shutting down plugin 'INNODB_CMP_PER_INDEX_RESET'
2023-05-11 10:48:23 4136 [Note] Shutting down plugin 'INNODB_CMP_PER_INDEX'
2023-05-11 10:48:23 4136 [Note] Shutting down plugin 'INNODB_CMPMEM_RESET'
2023-05-11 10:48:23 4136 [Note] Shutting down plugin 'INNODB_CMPMEM'
2023-05-11 10:48:23 4136 [Note] Shutting down plugin 'INNODB_CMP_RESET'
2023-05-11 10:48:23 4136 [Note] Shutting down plugin 'INNODB_CMP'
2023-05-11 10:48:23 4136 [Note] Shutting down plugin 'INNODB_LOCK_WAITS'
2023-05-11 10:48:23 4136 [Note] Shutting down plugin 'INNODB_LOCKS'
2023-05-11 10:48:23 4136 [Note] Shutting down plugin 'INNODB_TRX'
2023-05-11 10:48:23 4136 [Note] Shutting down plugin 'InnoDB'
2023-05-11 10:48:23 4136 [Note] InnoDB: FTS optimize thread exiting.
2023-05-11 10:48:23 4136 [Note] InnoDB: Starting shutdown...
2023-05-11 10:48:24 4136 [Note] InnoDB: Shutdown completed; log sequence number 1625987
2023-05-11 10:48:24 4136 [Note] Shutting down plugin 'BLACKHOLE'
2023-05-11 10:48:24 4136 [Note] Shutting down plugin 'ARCHIVE'
2023-05-11 10:48:24 4136 [Note] Shutting down plugin 'MRG_MYISAM'
2023-05-11 10:48:24 4136 [Note] Shutting down plugin 'MyISAM'
2023-05-11 10:48:24 4136 [Note] Shutting down plugin 'MEMORY'
2023-05-11 10:48:24 4136 [Note] Shutting down plugin 'CSV'
2023-05-11 10:48:24 4136 [Note] Shutting down plugin 'sha256_password'
2023-05-11 10:48:24 4136 [Note] Shutting down plugin 'mysql_old_password'
2023-05-11 10:48:24 4136 [Note] Shutting down plugin 'mysql_native_password'
2023-05-11 10:48:24 4136 [Note] Shutting down plugin 'binlog'
2023-05-11 10:48:24 4136 [Note] wampmysqld: Arrêt du serveur terminé

2023-05-11 10:48:43 9716 [Note] Plugin 'FEDERATED' is disabled.
2023-05-11 10:48:43 9716 [Note] InnoDB: Using atomics to ref count buffer pool pages
2023-05-11 10:48:43 9716 [Note] InnoDB: The InnoDB memory heap is disabled
2023-05-11 10:48:43 9716 [Note] InnoDB: Mutexes and rw_locks use Windows interlocked functions
2023-05-11 10:48:43 9716 [Note] InnoDB: Compressed tables use zlib 1.2.3
2023-05-11 10:48:43 9716 [Note] InnoDB: Not using CPU crc32 instructions
2023-05-11 10:48:43 9716 [Note] InnoDB: Initializing buffer pool, size = 128.0M
2023-05-11 10:48:43 9716 [Note] InnoDB: Completed initialization of buffer pool
2023-05-11 10:48:43 9716 [Note] InnoDB: Highest supported file format is Barracuda.
2023-05-11 10:48:43 9716 [Note] InnoDB: 128 rollback segment(s) are active.
2023-05-11 10:48:43 9716 [Note] InnoDB: Waiting for purge to start
2023-05-11 10:48:44 9716 [Note] InnoDB: 5.6.17 started; log sequence number 1625987
2023-05-11 10:48:44 9716 [Note] Server hostname (bind-address): '*'; port: 3306
2023-05-11 10:48:44 9716 [Note] IPv6 is available.
2023-05-11 10:48:44 9716 [Note]   - '::' resolves to '::';
2023-05-11 10:48:44 9716 [Note] Server socket created on IP: '::'.
2023-05-11 10:48:44 9716 [ERROR] Can't start server: Bind on TCP/IP port: No such file or directory
2023-05-11 10:48:44 9716 [ERROR] Do you already have another mysqld server running on port: 3306 ?
2023-05-11 10:48:44 9716 [ERROR] Aborting

2023-05-11 10:48:44 9716 [Note] Binlog end
2023-05-11 10:48:44 9716 [Note] Shutting down plugin 'partition'
2023-05-11 10:48:44 9716 [Note] Shutting down plugin 'PERFORMANCE_SCHEMA'
2023-05-11 10:48:44 9716 [Note] Shutting down plugin 'INNODB_SYS_DATAFILES'
2023-05-11 10:48:44 9716 [Note] Shutting down plugin 'INNODB_SYS_TABLESPACES'
2023-05-11 10:48:44 9716 [Note] Shutting down plugin 'INNODB_SYS_FOREIGN_COLS'
2023-05-11 10:48:44 9716 [Note] Shutting down plugin 'INNODB_SYS_FOREIGN'
2023-05-11 10:48:44 9716 [Note] Shutting down plugin 'INNODB_SYS_FIELDS'
2023-05-11 10:48:44 9716 [Note] Shutting down plugin 'INNODB_SYS_COLUMNS'
2023-05-11 10:48:44 9716 [Note] Shutting down plugin 'INNODB_SYS_INDEXES'
2023-05-11 10:48:44 9716 [Note] Shutting down plugin 'INNODB_SYS_TABLESTATS'
2023-05-11 10:48:44 9716 [Note] Shutting down plugin 'INNODB_SYS_TABLES'
2023-05-11 10:48:44 9716 [Note] Shutting down plugin 'INNODB_FT_INDEX_TABLE'
2023-05-11 10:48:44 9716 [Note] Shutting down plugin 'INNODB_FT_INDEX_CACHE'
2023-05-11 10:48:44 9716 [Note] Shutting down plugin 'INNODB_FT_CONFIG'
2023-05-11 10:48:44 9716 [Note] Shutting down plugin 'INNODB_FT_BEING_DELETED'
2023-05-11 10:48:44 9716 [Note] Shutting down plugin 'INNODB_FT_DELETED'
2023-05-11 10:48:44 9716 [Note] Shutting down plugin 'INNODB_FT_DEFAULT_STOPWORD'
2023-05-11 10:48:44 9716 [Note] Shutting down plugin 'INNODB_METRICS'
2023-05-11 10:48:44 9716 [Note] Shutting down plugin 'INNODB_BUFFER_POOL_STATS'
2023-05-11 10:48:44 9716 [Note] Shutting down plugin 'INNODB_BUFFER_PAGE_LRU'
2023-05-11 10:48:44 9716 [Note] Shutting down plugin 'INNODB_BUFFER_PAGE'
2023-05-11 10:48:44 9716 [Note] Shutting down plugin 'INNODB_CMP_PER_INDEX_RESET'
2023-05-11 10:48:44 9716 [Note] Shutting down plugin 'INNODB_CMP_PER_INDEX'
2023-05-11 10:48:44 9716 [Note] Shutting down plugin 'INNODB_CMPMEM_RESET'
2023-05-11 10:48:44 9716 [Note] Shutting down plugin 'INNODB_CMPMEM'
2023-05-11 10:48:44 9716 [Note] Shutting down plugin 'INNODB_CMP_RESET'
2023-05-11 10:48:44 9716 [Note] Shutting down plugin 'INNODB_CMP'
2023-05-11 10:48:44 9716 [Note] Shutting down plugin 'INNODB_LOCK_WAITS'
2023-05-11 10:48:44 9716 [Note] Shutting down plugin 'INNODB_LOCKS'
2023-05-11 10:48:44 9716 [Note] Shutting down plugin 'INNODB_TRX'
2023-05-11 10:48:44 9716 [Note] Shutting down plugin 'InnoDB'
2023-05-11 10:48:44 9716 [Note] InnoDB: FTS optimize thread exiting.
2023-05-11 10:48:44 9716 [Note] InnoDB: Starting shutdown...
2023-05-11 10:48:45 9716 [Note] InnoDB: Shutdown completed; log sequence number 1625997
2023-05-11 10:48:45 9716 [Note] Shutting down plugin 'BLACKHOLE'
2023-05-11 10:48:45 9716 [Note] Shutting down plugin 'ARCHIVE'
2023-05-11 10:48:45 9716 [Note] Shutting down plugin 'MRG_MYISAM'
2023-05-11 10:48:45 9716 [Note] Shutting down plugin 'MyISAM'
2023-05-11 10:48:45 9716 [Note] Shutting down plugin 'MEMORY'
2023-05-11 10:48:45 9716 [Note] Shutting down plugin 'CSV'
2023-05-11 10:48:45 9716 [Note] Shutting down plugin 'sha256_password'
2023-05-11 10:48:45 9716 [Note] Shutting down plugin 'mysql_old_password'
2023-05-11 10:48:45 9716 [Note] Shutting down plugin 'mysql_native_password'
2023-05-11 10:48:45 9716 [Note] Shutting down plugin 'binlog'
2023-05-11 10:48:45 9716 [Note] wampmysqld: Arrêt du serveur terminé

2023-05-11 10:49:44 12440 [Note] Plugin 'FEDERATED' is disabled.
2023-05-11 10:49:44 12440 [Note] InnoDB: Using atomics to ref count buffer pool pages
2023-05-11 10:49:44 12440 [Note] InnoDB: The InnoDB memory heap is disabled
2023-05-11 10:49:44 12440 [Note] InnoDB: Mutexes and rw_locks use Windows interlocked functions
2023-05-11 10:49:45 12440 [Note] InnoDB: Compressed tables use zlib 1.2.3
2023-05-11 10:49:45 12440 [Note] InnoDB: Not using CPU crc32 instructions
2023-05-11 10:49:45 12440 [Note] InnoDB: Initializing buffer pool, size = 128.0M
2023-05-11 10:49:45 12440 [Note] InnoDB: Completed initialization of buffer pool
2023-05-11 10:49:45 12440 [Note] InnoDB: Highest supported file format is Barracuda.
2023-05-11 10:49:45 12440 [Note] InnoDB: 128 rollback segment(s) are active.
2023-05-11 10:49:45 12440 [Note] InnoDB: Waiting for purge to start
2023-05-11 10:49:45 12440 [Note] InnoDB: 5.6.17 started; log sequence number 1625997
2023-05-11 10:49:45 12440 [Note] Server hostname (bind-address): '*'; port: 3306
2023-05-11 10:49:45 12440 [Note] IPv6 is available.
2023-05-11 10:49:45 12440 [Note]   - '::' resolves to '::';
2023-05-11 10:49:45 12440 [Note] Server socket created on IP: '::'.
2023-05-11 10:49:46 12440 [Note] Event Scheduler: Loaded 0 events
2023-05-11 10:49:46 12440 [Note] wampmysqld: ready for connections.
Version: '5.6.17'  socket: ''  port: 3306  MySQL Community Server (GPL)
